Using pre-set license
Built from '2021.3/staging' branch; Version is '2021.3.11f1 (0a5ca18544bf) revision 679073'; Using compiler version '192829333'; Build Type 'Release'
OS: 'Windows 10  (10.0.19045) 64bit Professional' Language: 'es' Physical Memory: 16317 MB
BatchMode: 1, IsHumanControllingUs: 0, StartBugReporterOnCrash: 0, Is64bit: 1, IsPro: 1

COMMAND LINE ARGUMENTS:
C:\Program Files\Unity 2021.3.11f1\Editor\Unity.exe
-adb2
-batchMode
-noUpm
-name
AssetImportWorker1
-projectPath
D:/Generation2/Generation2
-logFile
Logs/AssetImportWorker1.log
-srvPort
63453
Successfully changed project path to: D:/Generation2/Generation2
D:/Generation2/Generation2
[UnityMemory] Configuration Parameters - Can be set up in boot.config
    "memorysetup-bucket-allocator-granularity=16"
    "memorysetup-bucket-allocator-bucket-count=8"
    "memorysetup-bucket-allocator-block-size=33554432"
    "memorysetup-bucket-allocator-block-count=8"
    "memorysetup-main-allocator-block-size=16777216"
    "memorysetup-thread-allocator-block-size=16777216"
    "memorysetup-gfx-main-allocator-block-size=16777216"
    "memorysetup-gfx-thread-allocator-block-size=16777216"
    "memorysetup-cache-allocator-block-size=4194304"
    "memorysetup-typetree-allocator-block-size=2097152"
    "memorysetup-profiler-bucket-allocator-granularity=16"
    "memorysetup-profiler-bucket-allocator-bucket-count=8"
    "memorysetup-profiler-bucket-allocator-block-size=33554432"
    "memorysetup-profiler-bucket-allocator-block-count=8"
    "memorysetup-profiler-allocator-block-size=16777216"
    "memorysetup-profiler-editor-allocator-block-size=1048576"
    "memorysetup-temp-allocator-size-main=16777216"
    "memorysetup-job-temp-allocator-block-size=2097152"
    "memorysetup-job-temp-allocator-block-size-background=1048576"
    "memorysetup-job-temp-allocator-reduction-small-platforms=262144"
    "memorysetup-temp-allocator-size-background-worker=32768"
    "memorysetup-temp-allocator-size-job-worker=262144"
    "memorysetup-temp-allocator-size-preload-manager=33554432"
    "memorysetup-temp-allocator-size-nav-mesh-worker=65536"
    "memorysetup-temp-allocator-size-audio-worker=65536"
    "memorysetup-temp-allocator-size-cloud-worker=32768"
    "memorysetup-temp-allocator-size-gi-baking-worker=262144"
    "memorysetup-temp-allocator-size-gfx=262144"
Refreshing native plugins compatible for Editor in 76.36 ms, found 3 plugins.
Preloading 0 native plugins for Editor in 0.00 ms.
Initialize engine version: 2021.3.11f1 (0a5ca18544bf)
[Subsystems] Discovering subsystems at path C:/Program Files/Unity 2021.3.11f1/Editor/Data/Resources/UnitySubsystems
[Subsystems] Discovering subsystems at path D:/Generation2/Generation2/Assets
GfxDevice: creating device client; threaded=0; jobified=0
Direct3D:
    Version:  Direct3D 11.0 [level 11.1]
    Renderer: NVIDIA GeForce GTX 1650 (ID=0x1f0a)
    Vendor:   NVIDIA
    VRAM:     3961 MB
    Driver:   31.0.15.1694
Initialize mono
Mono path[0] = 'C:/Program Files/Unity 2021.3.11f1/Editor/Data/Managed'
Mono path[1] = 'C:/Program Files/Unity 2021.3.11f1/Editor/Data/MonoBleedingEdge/lib/mono/unityjit-win32'
Mono config path = 'C:/Program Files/Unity 2021.3.11f1/Editor/Data/MonoBleedingEdge/etc'
Using monoOptions --debugger-agent=transport=dt_socket,embedding=1,server=y,suspend=n,address=127.0.0.1:56948
Begin MonoManager ReloadAssembly
Registering precompiled unity dll's ...
Register platform support module: C:/Program Files/Unity 2021.3.11f1/Editor/Data/PlaybackEngines/WebGLSupport/UnityEditor.WebGL.Extensions.dll
Register platform support module: C:/Program Files/Unity 2021.3.11f1/Editor/Data/PlaybackEngines/AndroidPlayer/UnityEditor.Android.Extensions.dll
Register platform support module: C:/Program Files/Unity 2021.3.11f1/Editor/Data/PlaybackEngines/WindowsStandaloneSupport/UnityEditor.WindowsStandalone.Extensions.dll
Register platform support module: C:/Program Files/Unity 2021.3.11f1/Editor/Data/PlaybackEngines/MetroSupport/UnityEditor.UWP.Extensions.dll
Registered in 0.005421 seconds.
Native extension for UWP target not found
Native extension for WindowsStandalone target not found
Native extension for Android target not found
Native extension for WebGL target not found
Refreshing native plugins compatible for Editor in 72.67 ms, found 3 plugins.
Preloading 0 native plugins for Editor in 0.00 ms.
Mono: successfully reloaded assembly
- Completed reload, in  0.572 seconds
Domain Reload Profiling:
	ReloadAssembly (573ms)
		BeginReloadAssembly (63ms)
			ExecutionOrderSort (0ms)
			DisableScriptedObjects (0ms)
			BackupInstance (0ms)
			ReleaseScriptingObjects (0ms)
			CreateAndSetChildDomain (1ms)
		EndReloadAssembly (415ms)
			LoadAssemblies (61ms)
			RebuildTransferFunctionScriptingTraits (0ms)
			SetupTypeCache (94ms)
			ReleaseScriptCaches (0ms)
			RebuildScriptCaches (26ms)
			SetupLoadedEditorAssemblies (249ms)
				LogAssemblyErrors (0ms)
				InitializePlatformSupportModulesInManaged (49ms)
				SetLoadedEditorAssemblies (0ms)
				RefreshPlugins (73ms)
				BeforeProcessingInitializeOnLoad (1ms)
				ProcessInitializeOnLoadAttributes (89ms)
				ProcessInitializeOnLoadMethodAttributes (38ms)
				AfterProcessingInitializeOnLoad (0ms)
				EditorAssembliesLoaded (0ms)
			ExecutionOrderSort2 (0ms)
			AwakeInstancesAfterBackupRestoration (0ms)
Platform modules already initialized, skipping
Registering precompiled user dll's ...
Registered in 0.004381 seconds.
Begin MonoManager ReloadAssembly
Symbol file LoadedFromMemory doesn't match image D:\Generation2\Generation2\Library\PackageCache\com.unity.visualscripting@1.7.8\Editor\VisualScripting.Core\Dependencies\YamlDotNet\Unity.VisualScripting.YamlDotNet.dll
Symbol file LoadedFromMemory doesn't match image D:\Generation2\Generation2\Library\PackageCache\com.unity.visualscripting@1.7.8\Editor\VisualScripting.Core\Dependencies\DotNetZip\Unity.VisualScripting.IonicZip.dll
Native extension for UWP target not found
Native extension for WindowsStandalone target not found
Native extension for Android target not found
Native extension for WebGL target not found
Refreshing native plugins compatible for Editor in 0.48 ms, found 3 plugins.
Preloading 0 native plugins for Editor in 0.00 ms.
Mono: successfully reloaded assembly
- Completed reload, in  1.039 seconds
Domain Reload Profiling:
	ReloadAssembly (1040ms)
		BeginReloadAssembly (200ms)
			ExecutionOrderSort (0ms)
			DisableScriptedObjects (5ms)
			BackupInstance (0ms)
			ReleaseScriptingObjects (0ms)
			CreateAndSetChildDomain (123ms)
		EndReloadAssembly (737ms)
			LoadAssemblies (70ms)
			RebuildTransferFunctionScriptingTraits (0ms)
			SetupTypeCache (245ms)
			ReleaseScriptCaches (1ms)
			RebuildScriptCaches (44ms)
			SetupLoadedEditorAssemblies (337ms)
				LogAssemblyErrors (0ms)
				InitializePlatformSupportModulesInManaged (14ms)
				SetLoadedEditorAssemblies (0ms)
				RefreshPlugins (1ms)
				BeforeProcessingInitializeOnLoad (77ms)
				ProcessInitializeOnLoadAttributes (214ms)
				ProcessInitializeOnLoadMethodAttributes (24ms)
				AfterProcessingInitializeOnLoad (7ms)
				EditorAssembliesLoaded (0ms)
			ExecutionOrderSort2 (0ms)
			AwakeInstancesAfterBackupRestoration (5ms)
Platform modules already initialized, skipping
========================================================================
Worker process is ready to serve import requests
Launched and connected shader compiler UnityShaderCompiler.exe after 0.03 seconds
Refreshing native plugins compatible for Editor in 0.50 ms, found 3 plugins.
Preloading 0 native plugins for Editor in 0.00 ms.
Unloading 3396 Unused Serialized files (Serialized files now loaded: 0)
Unloading 27 unused Assets / (113.5 KB). Loaded Objects now: 3856.
Memory consumption went from 118.7 MB to 118.6 MB.
Total: 2.954400 ms (FindLiveObjects: 0.268900 ms CreateObjectMapping: 0.236700 ms MarkObjects: 2.355300 ms  DeleteObjects: 0.092700 ms)

AssetImportParameters requested are different than current active one (requested -> active):
  custom:video-decoder-ogg-theora: a1e56fd34408186e4bbccfd4996cb3dc -> 
  custom:container-muxer-webm: aa71ff27fc2769a1b78a27578f13a17b -> 
  custom:container-demuxer-webm: 4f35f7cbe854078d1ac9338744f61a02 -> 
  custom:video-encoder-webm-vp8: eb34c28f22e8b96e1ab97ce403110664 -> 
  custom:audio-encoder-webm-vorbis: bf7c407c2cedff20999df2af8eb42d56 -> 
  custom:framework-win-MediaFoundation: 216162199b28c13a410421893ffa2e32 -> 
  custom:container-demuxer-ogg: 62fdf1f143b41e24485cea50d1cbac27 -> 
  custom:video-decoder-webm-vp8: 9c59270c3fd7afecdb556c50c9e8de78 -> 
  custom:audio-decoder-ogg-vorbis: bf7c407c2cedff20999df2af8eb42d56 -> 
========================================================================
Received Import Request.
  Time since last request: 2238.447108 seconds.
  path: Assets/Character/Idle4/0005.png
  artifactKey: Guid(6e4fa2e086a537b4ca0bc6af115c5c20) Importer(815301076,1909f56bfc062723c751e8b465ee728b)
Start importing Assets/Character/Idle4/0005.png using Guid(6e4fa2e086a537b4ca0bc6af115c5c20) Importer(815301076,1909f56bfc062723c751e8b465ee728b)  -> (artifact id: 'eea461c82b5c1d525a4b5b153d7feb99') in 0.071982 seconds 
========================================================================
Received Import Request.
  Time since last request: 0.000017 seconds.
  path: Assets/Character/Idle4/0017.png
  artifactKey: Guid(30af7e86095682242b38b4093f345c83) Importer(815301076,1909f56bfc062723c751e8b465ee728b)
Start importing Assets/Character/Idle4/0017.png using Guid(30af7e86095682242b38b4093f345c83) Importer(815301076,1909f56bfc062723c751e8b465ee728b)  -> (artifact id: 'bf48ee8372c5a61c72d59497074eb386') in 0.013645 seconds 
========================================================================
Received Import Request.
  Time since last request: 0.000015 seconds.
  path: Assets/Character/Idle4/0029.png
  artifactKey: Guid(86c69897afcb32d4283205a6ab27bf84) Importer(815301076,1909f56bfc062723c751e8b465ee728b)
Start importing Assets/Character/Idle4/0029.png using Guid(86c69897afcb32d4283205a6ab27bf84) Importer(815301076,1909f56bfc062723c751e8b465ee728b)  -> (artifact id: 'c7aef3d99bae0ee7f3ea9de77b3d51e8') in 0.012548 seconds 
========================================================================
Received Import Request.
  Time since last request: 0.000016 seconds.
  path: Assets/Character/Idle4/0009.png
  artifactKey: Guid(8d2b46a3de124b842adacfdf6174d768) Importer(815301076,1909f56bfc062723c751e8b465ee728b)
Start importing Assets/Character/Idle4/0009.png using Guid(8d2b46a3de124b842adacfdf6174d768) Importer(815301076,1909f56bfc062723c751e8b465ee728b)  -> (artifact id: '659c578b79236cac0f246846c24ee8bd') in 0.011373 seconds 
========================================================================
Received Import Request.
  Time since last request: 14.851517 seconds.
  path: Assets/Character/Idle4/0005.png
  artifactKey: Guid(6e4fa2e086a537b4ca0bc6af115c5c20) Importer(815301076,1909f56bfc062723c751e8b465ee728b)
Start importing Assets/Character/Idle4/0005.png using Guid(6e4fa2e086a537b4ca0bc6af115c5c20) Importer(815301076,1909f56bfc062723c751e8b465ee728b)  -> (artifact id: 'e412bd08b7ffdb932f93129120906005') in 0.021592 seconds 
========================================================================
Received Import Request.
  Time since last request: 0.000018 seconds.
  path: Assets/Character/Idle4/0017.png
  artifactKey: Guid(30af7e86095682242b38b4093f345c83) Importer(815301076,1909f56bfc062723c751e8b465ee728b)
Start importing Assets/Character/Idle4/0017.png using Guid(30af7e86095682242b38b4093f345c83) Importer(815301076,1909f56bfc062723c751e8b465ee728b)  -> (artifact id: 'aa8ce4d884c2b5acc6008c872a036b25') in 0.037375 seconds 
========================================================================
Received Import Request.
  Time since last request: 0.000018 seconds.
  path: Assets/Character/Idle4/0021.png
  artifactKey: Guid(5528071dfb7e08749a85a591a04881e4) Importer(815301076,1909f56bfc062723c751e8b465ee728b)
Start importing Assets/Character/Idle4/0021.png using Guid(5528071dfb7e08749a85a591a04881e4) Importer(815301076,1909f56bfc062723c751e8b465ee728b)  -> (artifact id: 'a7c60f4dfbcb001928698e27118dca3c') in 0.017026 seconds 
========================================================================
Received Import Request.
  Time since last request: 14.046989 seconds.
  path: Assets/Character/Idle5/0009.png
  artifactKey: Guid(317743ea932627043ab53a12d1d9546a) Importer(815301076,1909f56bfc062723c751e8b465ee728b)
Start importing Assets/Character/Idle5/0009.png using Guid(317743ea932627043ab53a12d1d9546a) Importer(815301076,1909f56bfc062723c751e8b465ee728b)  -> (artifact id: '28bde1952e4e62906623999fda101608') in 0.020842 seconds 
========================================================================
Received Import Request.
  Time since last request: 0.000020 seconds.
  path: Assets/Character/Idle5/0029.png
  artifactKey: Guid(b97c68a399e27d24c8aa801c742487e7) Importer(815301076,1909f56bfc062723c751e8b465ee728b)
Start importing Assets/Character/Idle5/0029.png using Guid(b97c68a399e27d24c8aa801c742487e7) Importer(815301076,1909f56bfc062723c751e8b465ee728b)  -> (artifact id: '66eb2be7149badce5ed3203d81fe44fa') in 0.016289 seconds 
========================================================================
Received Import Request.
  Time since last request: 7.392020 seconds.
  path: Assets/Character/Idle5/0013.png
  artifactKey: Guid(0df933673f72ab843a35732efa2a8914) Importer(815301076,1909f56bfc062723c751e8b465ee728b)
Start importing Assets/Character/Idle5/0013.png using Guid(0df933673f72ab843a35732efa2a8914) Importer(815301076,1909f56bfc062723c751e8b465ee728b)  -> (artifact id: '9aba7959bdd4077ad6370bb0a84e5274') in 0.021219 seconds 
========================================================================
Received Import Request.
  Time since last request: 0.000019 seconds.
  path: Assets/Character/Idle5/0025.png
  artifactKey: Guid(d9d8af63f37ae1b48ae70165fde06733) Importer(815301076,1909f56bfc062723c751e8b465ee728b)
Start importing Assets/Character/Idle5/0025.png using Guid(d9d8af63f37ae1b48ae70165fde06733) Importer(815301076,1909f56bfc062723c751e8b465ee728b)  -> (artifact id: 'c392947ab02c3c1e0a089537407726c8') in 0.011678 seconds 
========================================================================
Received Import Request.
  Time since last request: 13.342009 seconds.
  path: Assets/Character/Run4/0008.png
  artifactKey: Guid(575904ea96b5a22498445b1b886b9936) Importer(815301076,1909f56bfc062723c751e8b465ee728b)
Start importing Assets/Character/Run4/0008.png using Guid(575904ea96b5a22498445b1b886b9936) Importer(815301076,1909f56bfc062723c751e8b465ee728b)  -> (artifact id: '4e4f51a49f5fe903d1abe86e90357ee9') in 0.016707 seconds 
========================================================================
Received Import Request.
  Time since last request: 0.000026 seconds.
  path: Assets/Character/Run4/0021.png
  artifactKey: Guid(4fcd3c147a2daaa439d8a8ad1e667639) Importer(815301076,1909f56bfc062723c751e8b465ee728b)
Start importing Assets/Character/Run4/0021.png using Guid(4fcd3c147a2daaa439d8a8ad1e667639) Importer(815301076,1909f56bfc062723c751e8b465ee728b)  -> (artifact id: 'a1d4e3ad204dc09736d372e4c42d7b51') in 0.019610 seconds 
========================================================================
Received Import Request.
  Time since last request: 8.663512 seconds.
  path: Assets/Character/Run4/0013.png
  artifactKey: Guid(8827439a55e7d8941aca9bb558dbdf7e) Importer(815301076,1909f56bfc062723c751e8b465ee728b)
Start importing Assets/Character/Run4/0013.png using Guid(8827439a55e7d8941aca9bb558dbdf7e) Importer(815301076,1909f56bfc062723c751e8b465ee728b)  -> (artifact id: '4f1fc6f5dee7ca20cef4a3fc9fb3b684') in 0.025070 seconds 
========================================================================
Received Import Request.
  Time since last request: 23.716685 seconds.
  path: Assets/Character/Run5/0008.png
  artifactKey: Guid(8e01ca0b7be9c90458a92d49e06cb661) Importer(815301076,1909f56bfc062723c751e8b465ee728b)
Start importing Assets/Character/Run5/0008.png using Guid(8e01ca0b7be9c90458a92d49e06cb661) Importer(815301076,1909f56bfc062723c751e8b465ee728b)  -> (artifact id: 'ebcf1f6fdd86c0ac240f70494df0c9d8') in 0.013750 seconds 
========================================================================
Received Import Request.
  Time since last request: 0.000019 seconds.
  path: Assets/Character/Run5/0017.png
  artifactKey: Guid(7287077178935c54d9c8896209706bd7) Importer(815301076,1909f56bfc062723c751e8b465ee728b)
Start importing Assets/Character/Run5/0017.png using Guid(7287077178935c54d9c8896209706bd7) Importer(815301076,1909f56bfc062723c751e8b465ee728b)  -> (artifact id: '11611d4170ef2b7db1019f763c53e7d8') in 0.013057 seconds 
========================================================================
Received Import Request.
  Time since last request: 7.016369 seconds.
  path: Assets/Character/Run5/0013.png
  artifactKey: Guid(13944fd42f74e9d458856731c42e0e1b) Importer(815301076,1909f56bfc062723c751e8b465ee728b)
Start importing Assets/Character/Run5/0013.png using Guid(13944fd42f74e9d458856731c42e0e1b) Importer(815301076,1909f56bfc062723c751e8b465ee728b)  -> (artifact id: '699e7c93a0289228a68e1378e5337fe9') in 0.054296 seconds 
========================================================================
Received Import Request.
  Time since last request: 11.505352 seconds.
  path: Assets/Character/Swords4/0048.png
  artifactKey: Guid(6afcdfcc3a7e89b40a30f9e9031d192d) Importer(815301076,1909f56bfc062723c751e8b465ee728b)
Start importing Assets/Character/Swords4/0048.png using Guid(6afcdfcc3a7e89b40a30f9e9031d192d) Importer(815301076,1909f56bfc062723c751e8b465ee728b)  -> (artifact id: '65e50e6e4df8f35107385639cc09b4dd') in 0.016339 seconds 
========================================================================
Received Import Request.
  Time since last request: 0.000018 seconds.
  path: Assets/Character/Swords4/0072.png
  artifactKey: Guid(b14c72aff38e01a4a882806a90059e1c) Importer(815301076,1909f56bfc062723c751e8b465ee728b)
Start importing Assets/Character/Swords4/0072.png using Guid(b14c72aff38e01a4a882806a90059e1c) Importer(815301076,1909f56bfc062723c751e8b465ee728b)  -> (artifact id: 'e6b0e88658cf3f0610b5c9edf6159194') in 0.013461 seconds 
========================================================================
Received Import Request.
  Time since last request: 0.000024 seconds.
  path: Assets/Character/Swords4/0064.png
  artifactKey: Guid(6ae8dcb3f6ea59a4cbadc30ade5dd95c) Importer(815301076,1909f56bfc062723c751e8b465ee728b)
Start importing Assets/Character/Swords4/0064.png using Guid(6ae8dcb3f6ea59a4cbadc30ade5dd95c) Importer(815301076,1909f56bfc062723c751e8b465ee728b)  -> (artifact id: '77df4a60282b4873a639b10e57392a3a') in 0.014634 seconds 
========================================================================
Received Import Request.
  Time since last request: 7.051615 seconds.
  path: Assets/Character/Swords4/0048.png
  artifactKey: Guid(6afcdfcc3a7e89b40a30f9e9031d192d) Importer(815301076,1909f56bfc062723c751e8b465ee728b)
Start importing Assets/Character/Swords4/0048.png using Guid(6afcdfcc3a7e89b40a30f9e9031d192d) Importer(815301076,1909f56bfc062723c751e8b465ee728b)  -> (artifact id: 'd65cf59a788e0f850eea0297e7875760') in 0.026769 seconds 
========================================================================
Received Import Request.
  Time since last request: 0.000014 seconds.
  path: Assets/Character/Swords4/0080.png
  artifactKey: Guid(a7f23d6f16113254fbcd7339655c54b3) Importer(815301076,1909f56bfc062723c751e8b465ee728b)
Start importing Assets/Character/Swords4/0080.png using Guid(a7f23d6f16113254fbcd7339655c54b3) Importer(815301076,1909f56bfc062723c751e8b465ee728b)  -> (artifact id: 'b320083b78aa6612ec5be56c05c99652') in 0.045313 seconds 
========================================================================
Received Import Request.
  Time since last request: 0.000023 seconds.
  path: Assets/Character/Swords4/0060.png
  artifactKey: Guid(69b8eca90d2580246995090d063821d5) Importer(815301076,1909f56bfc062723c751e8b465ee728b)
Start importing Assets/Character/Swords4/0060.png using Guid(69b8eca90d2580246995090d063821d5) Importer(815301076,1909f56bfc062723c751e8b465ee728b)  -> (artifact id: '29b8a3b9406e161e225cf722c7ca1673') in 0.026999 seconds 
========================================================================
Received Import Request.
  Time since last request: 13.287507 seconds.
  path: Assets/Character/Swords5/0048.png
  artifactKey: Guid(cc41caf55351a91409039b6d2fbc12d1) Importer(815301076,1909f56bfc062723c751e8b465ee728b)
Start importing Assets/Character/Swords5/0048.png using Guid(cc41caf55351a91409039b6d2fbc12d1) Importer(815301076,1909f56bfc062723c751e8b465ee728b)  -> (artifact id: 'f24fa6d7d7ba34064b0d2b0e7e5ec897') in 0.030421 seconds 
========================================================================
Received Import Request.
  Time since last request: 0.000023 seconds.
  path: Assets/Character/Swords5/0076.png
  artifactKey: Guid(6318175e5061dbc49889ffda59899fa3) Importer(815301076,1909f56bfc062723c751e8b465ee728b)
Start importing Assets/Character/Swords5/0076.png using Guid(6318175e5061dbc49889ffda59899fa3) Importer(815301076,1909f56bfc062723c751e8b465ee728b)  -> (artifact id: 'f257342d17b3c3a1c2575937f02f8b66') in 0.022264 seconds 
========================================================================
Received Import Request.
  Time since last request: 0.000018 seconds.
  path: Assets/Character/Swords5/0080.png
  artifactKey: Guid(2ab761a4f511eb14899e51ad309d10c6) Importer(815301076,1909f56bfc062723c751e8b465ee728b)
Start importing Assets/Character/Swords5/0080.png using Guid(2ab761a4f511eb14899e51ad309d10c6) Importer(815301076,1909f56bfc062723c751e8b465ee728b)  -> (artifact id: '8c3bb460c6f1589dcab7e23f0b77cdca') in 0.017097 seconds 
========================================================================
Received Import Request.
  Time since last request: 6.780712 seconds.
  path: Assets/Character/Swords5/0048.png
  artifactKey: Guid(cc41caf55351a91409039b6d2fbc12d1) Importer(815301076,1909f56bfc062723c751e8b465ee728b)
Start importing Assets/Character/Swords5/0048.png using Guid(cc41caf55351a91409039b6d2fbc12d1) Importer(815301076,1909f56bfc062723c751e8b465ee728b)  -> (artifact id: '48fc6c8ae2ee457c490b677b1a6c333b') in 0.018626 seconds 
========================================================================
Received Import Request.
  Time since last request: 0.000017 seconds.
  path: Assets/Character/Swords5/0060.png
  artifactKey: Guid(dc666c4df69419e4c9f529a4371c84be) Importer(815301076,1909f56bfc062723c751e8b465ee728b)
Start importing Assets/Character/Swords5/0060.png using Guid(dc666c4df69419e4c9f529a4371c84be) Importer(815301076,1909f56bfc062723c751e8b465ee728b)  -> (artifact id: 'd4434afd018387d6a50be1f592e740e0') in 0.022248 seconds 
========================================================================
Received Import Request.
  Time since last request: 0.000026 seconds.
  path: Assets/Character/Swords5/0068.png
  artifactKey: Guid(18b28aa7b853d0540aec33e72489033e) Importer(815301076,1909f56bfc062723c751e8b465ee728b)
Start importing Assets/Character/Swords5/0068.png using Guid(18b28aa7b853d0540aec33e72489033e) Importer(815301076,1909f56bfc062723c751e8b465ee728b)  -> (artifact id: 'd5c957616aeb82438513783f880d90ad') in 0.044814 seconds 
========================================================================
Received Prepare
Registering precompiled user dll's ...
Registered in 0.004162 seconds.
Begin MonoManager ReloadAssembly
Symbol file LoadedFromMemory doesn't match image D:\Generation2\Generation2\Library\PackageCache\com.unity.visualscripting@1.7.8\Editor\VisualScripting.Core\Dependencies\YamlDotNet\Unity.VisualScripting.YamlDotNet.dll
Symbol file LoadedFromMemory doesn't match image D:\Generation2\Generation2\Library\PackageCache\com.unity.visualscripting@1.7.8\Editor\VisualScripting.Core\Dependencies\DotNetZip\Unity.VisualScripting.IonicZip.dll
Native extension for UWP target not found
Native extension for WindowsStandalone target not found
Native extension for Android target not found
Native extension for WebGL target not found
Refreshing native plugins compatible for Editor in 0.56 ms, found 3 plugins.
Preloading 0 native plugins for Editor in 0.00 ms.
Mono: successfully reloaded assembly
- Completed reload, in  0.863 seconds
Domain Reload Profiling:
	ReloadAssembly (864ms)
		BeginReloadAssembly (113ms)
			ExecutionOrderSort (0ms)
			DisableScriptedObjects (5ms)
			BackupInstance (0ms)
			ReleaseScriptingObjects (0ms)
			CreateAndSetChildDomain (30ms)
		EndReloadAssembly (657ms)
			LoadAssemblies (66ms)
			RebuildTransferFunctionScriptingTraits (0ms)
			SetupTypeCache (229ms)
			ReleaseScriptCaches (1ms)
			RebuildScriptCaches (36ms)
			SetupLoadedEditorAssemblies (288ms)
				LogAssemblyErrors (0ms)
				InitializePlatformSupportModulesInManaged (20ms)
				SetLoadedEditorAssemblies (0ms)
				RefreshPlugins (1ms)
				BeforeProcessingInitializeOnLoad (56ms)
				ProcessInitializeOnLoadAttributes (178ms)
				ProcessInitializeOnLoadMethodAttributes (25ms)
				AfterProcessingInitializeOnLoad (8ms)
				EditorAssembliesLoaded (0ms)
			ExecutionOrderSort2 (0ms)
			AwakeInstancesAfterBackupRestoration (8ms)
Platform modules already initialized, skipping
Refreshing native plugins compatible for Editor in 1.41 ms, found 3 plugins.
Preloading 0 native plugins for Editor in 0.00 ms.
Unloading 3378 Unused Serialized files (Serialized files now loaded: 0)
Unloading 20 unused Assets / (80.0 KB). Loaded Objects now: 3862.
Memory consumption went from 117.3 MB to 117.3 MB.
Total: 2.480600 ms (FindLiveObjects: 0.250100 ms CreateObjectMapping: 0.150800 ms MarkObjects: 2.000400 ms  DeleteObjects: 0.078400 ms)

AssetImportParameters requested are different than current active one (requested -> active):
  custom:video-decoder-ogg-theora: a1e56fd34408186e4bbccfd4996cb3dc -> 
  custom:container-muxer-webm: aa71ff27fc2769a1b78a27578f13a17b -> 
  custom:container-demuxer-webm: 4f35f7cbe854078d1ac9338744f61a02 -> 
  custom:video-encoder-webm-vp8: eb34c28f22e8b96e1ab97ce403110664 -> 
  custom:audio-encoder-webm-vorbis: bf7c407c2cedff20999df2af8eb42d56 -> 
  custom:framework-win-MediaFoundation: 216162199b28c13a410421893ffa2e32 -> 
  custom:container-demuxer-ogg: 62fdf1f143b41e24485cea50d1cbac27 -> 
  custom:video-decoder-webm-vp8: 9c59270c3fd7afecdb556c50c9e8de78 -> 
  custom:audio-decoder-ogg-vorbis: bf7c407c2cedff20999df2af8eb42d56 -> 
========================================================================
Received Prepare
Registering precompiled user dll's ...
Registered in 0.004383 seconds.
Begin MonoManager ReloadAssembly
Symbol file LoadedFromMemory doesn't match image D:\Generation2\Generation2\Library\PackageCache\com.unity.visualscripting@1.7.8\Editor\VisualScripting.Core\Dependencies\YamlDotNet\Unity.VisualScripting.YamlDotNet.dll
Symbol file LoadedFromMemory doesn't match image D:\Generation2\Generation2\Library\PackageCache\com.unity.visualscripting@1.7.8\Editor\VisualScripting.Core\Dependencies\DotNetZip\Unity.VisualScripting.IonicZip.dll
Native extension for UWP target not found
Native extension for WindowsStandalone target not found
Native extension for Android target not found
Native extension for WebGL target not found
Refreshing native plugins compatible for Editor in 0.58 ms, found 3 plugins.
Preloading 0 native plugins for Editor in 0.00 ms.
Mono: successfully reloaded assembly
- Completed reload, in  0.867 seconds
Domain Reload Profiling:
	ReloadAssembly (868ms)
		BeginReloadAssembly (121ms)
			ExecutionOrderSort (0ms)
			DisableScriptedObjects (5ms)
			BackupInstance (0ms)
			ReleaseScriptingObjects (0ms)
			CreateAndSetChildDomain (36ms)
		EndReloadAssembly (659ms)
			LoadAssemblies (69ms)
			RebuildTransferFunctionScriptingTraits (0ms)
			SetupTypeCache (232ms)
			ReleaseScriptCaches (1ms)
			RebuildScriptCaches (34ms)
			SetupLoadedEditorAssemblies (288ms)
				LogAssemblyErrors (0ms)
				InitializePlatformSupportModulesInManaged (24ms)
				SetLoadedEditorAssemblies (0ms)
				RefreshPlugins (1ms)
				BeforeProcessingInitializeOnLoad (57ms)
				ProcessInitializeOnLoadAttributes (173ms)
				ProcessInitializeOnLoadMethodAttributes (27ms)
				AfterProcessingInitializeOnLoad (6ms)
				EditorAssembliesLoaded (0ms)
			ExecutionOrderSort2 (0ms)
			AwakeInstancesAfterBackupRestoration (6ms)
Platform modules already initialized, skipping
Refreshing native plugins compatible for Editor in 1.42 ms, found 3 plugins.
Preloading 0 native plugins for Editor in 0.00 ms.
Unloading 3378 Unused Serialized files (Serialized files now loaded: 0)
Unloading 20 unused Assets / (80.1 KB). Loaded Objects now: 3865.
Memory consumption went from 117.3 MB to 117.2 MB.
Total: 2.451900 ms (FindLiveObjects: 0.249400 ms CreateObjectMapping: 0.161500 ms MarkObjects: 1.970200 ms  DeleteObjects: 0.070100 ms)

AssetImportParameters requested are different than current active one (requested -> active):
  custom:video-decoder-ogg-theora: a1e56fd34408186e4bbccfd4996cb3dc -> 
  custom:container-muxer-webm: aa71ff27fc2769a1b78a27578f13a17b -> 
  custom:container-demuxer-webm: 4f35f7cbe854078d1ac9338744f61a02 -> 
  custom:video-encoder-webm-vp8: eb34c28f22e8b96e1ab97ce403110664 -> 
  custom:audio-encoder-webm-vorbis: bf7c407c2cedff20999df2af8eb42d56 -> 
  custom:framework-win-MediaFoundation: 216162199b28c13a410421893ffa2e32 -> 
  custom:container-demuxer-ogg: 62fdf1f143b41e24485cea50d1cbac27 -> 
  custom:video-decoder-webm-vp8: 9c59270c3fd7afecdb556c50c9e8de78 -> 
  custom:audio-decoder-ogg-vorbis: bf7c407c2cedff20999df2af8eb42d56 -> 
========================================================================
Received Import Request.
  Time since last request: 522.702911 seconds.
  path: Assets/Character/Swords5/0044.png
  artifactKey: Guid(47ee7b84e01b5944e873de90995d2671) Importer(815301076,1909f56bfc062723c751e8b465ee728b)
Start importing Assets/Character/Swords5/0044.png using Guid(47ee7b84e01b5944e873de90995d2671) Importer(815301076,1909f56bfc062723c751e8b465ee728b)  -> (artifact id: '953f78458ef31bfd5a809ad42bfe7f59') in 0.131382 seconds 
========================================================================
Received Import Request.
  Time since last request: 0.000016 seconds.
  path: Assets/Character/Swords5/0076.png
  artifactKey: Guid(6318175e5061dbc49889ffda59899fa3) Importer(815301076,1909f56bfc062723c751e8b465ee728b)
Start importing Assets/Character/Swords5/0076.png using Guid(6318175e5061dbc49889ffda59899fa3) Importer(815301076,1909f56bfc062723c751e8b465ee728b)  -> (artifact id: '02a99e0a31500224f3176a8a860cafaa') in 0.039965 seconds 
========================================================================
Received Import Request.
  Time since last request: 0.000015 seconds.
  path: Assets/Character/Swords5/0064.png
  artifactKey: Guid(185b210949bd0c445a56de0cb48258a4) Importer(815301076,1909f56bfc062723c751e8b465ee728b)
Start importing Assets/Character/Swords5/0064.png using Guid(185b210949bd0c445a56de0cb48258a4) Importer(815301076,1909f56bfc062723c751e8b465ee728b)  -> (artifact id: '762116ab96095ed42c10853a0ac88da3') in 0.051140 seconds 
========================================================================
Received Import Request.
  Time since last request: 0.000028 seconds.
  path: Assets/Character/Swords5/0072.png
  artifactKey: Guid(5a7f377908405b14cae29dba60ec52d0) Importer(815301076,1909f56bfc062723c751e8b465ee728b)
Start importing Assets/Character/Swords5/0072.png using Guid(5a7f377908405b14cae29dba60ec52d0) Importer(815301076,1909f56bfc062723c751e8b465ee728b)  -> (artifact id: '985111e17da396943e7029a3c08548fd') in 0.103971 seconds 
Editor requested this worker to shutdown with reason: Scaling down because of idle timeout
AssetImportWorker is now disconnected from the server
Process exiting
Exiting without the bug reporter. Application will terminate with return code 0