Using pre-set license
Built from '2021.3/staging' branch; Version is '2021.3.11f1 (0a5ca18544bf) revision 679073'; Using compiler version '192829333'; Build Type 'Release'
OS: 'Windows 10  (10.0.19045) 64bit Professional' Language: 'es' Physical Memory: 16317 MB
BatchMode: 1, IsHumanControllingUs: 0, StartBugReporterOnCrash: 0, Is64bit: 1, IsPro: 1

COMMAND LINE ARGUMENTS:
C:\Program Files\Unity 2021.3.11f1\Editor\Unity.exe
-adb2
-batchMode
-noUpm
-name
AssetImportWorker0
-projectPath
D:/Generation2/Generation2
-logFile
Logs/AssetImportWorker0.log
-srvPort
63453
Successfully changed project path to: D:/Generation2/Generation2
D:/Generation2/Generation2
[UnityMemory] Configuration Parameters - Can be set up in boot.config
    "memorysetup-bucket-allocator-granularity=16"
    "memorysetup-bucket-allocator-bucket-count=8"
    "memorysetup-bucket-allocator-block-size=33554432"
    "memorysetup-bucket-allocator-block-count=8"
    "memorysetup-main-allocator-block-size=16777216"
    "memorysetup-thread-allocator-block-size=16777216"
    "memorysetup-gfx-main-allocator-block-size=16777216"
    "memorysetup-gfx-thread-allocator-block-size=16777216"
    "memorysetup-cache-allocator-block-size=4194304"
    "memorysetup-typetree-allocator-block-size=2097152"
    "memorysetup-profiler-bucket-allocator-granularity=16"
    "memorysetup-profiler-bucket-allocator-bucket-count=8"
    "memorysetup-profiler-bucket-allocator-block-size=33554432"
    "memorysetup-profiler-bucket-allocator-block-count=8"
    "memorysetup-profiler-allocator-block-size=16777216"
    "memorysetup-profiler-editor-allocator-block-size=1048576"
    "memorysetup-temp-allocator-size-main=16777216"
    "memorysetup-job-temp-allocator-block-size=2097152"
    "memorysetup-job-temp-allocator-block-size-background=1048576"
    "memorysetup-job-temp-allocator-reduction-small-platforms=262144"
    "memorysetup-temp-allocator-size-background-worker=32768"
    "memorysetup-temp-allocator-size-job-worker=262144"
    "memorysetup-temp-allocator-size-preload-manager=33554432"
    "memorysetup-temp-allocator-size-nav-mesh-worker=65536"
    "memorysetup-temp-allocator-size-audio-worker=65536"
    "memorysetup-temp-allocator-size-cloud-worker=32768"
    "memorysetup-temp-allocator-size-gi-baking-worker=262144"
    "memorysetup-temp-allocator-size-gfx=262144"
Refreshing native plugins compatible for Editor in 76.06 ms, found 3 plugins.
Preloading 0 native plugins for Editor in 0.00 ms.
Initialize engine version: 2021.3.11f1 (0a5ca18544bf)
[Subsystems] Discovering subsystems at path C:/Program Files/Unity 2021.3.11f1/Editor/Data/Resources/UnitySubsystems
[Subsystems] Discovering subsystems at path D:/Generation2/Generation2/Assets
GfxDevice: creating device client; threaded=0; jobified=0
Direct3D:
    Version:  Direct3D 11.0 [level 11.1]
    Renderer: NVIDIA GeForce GTX 1650 (ID=0x1f0a)
    Vendor:   NVIDIA
    VRAM:     3961 MB
    Driver:   31.0.15.1694
Initialize mono
Mono path[0] = 'C:/Program Files/Unity 2021.3.11f1/Editor/Data/Managed'
Mono path[1] = 'C:/Program Files/Unity 2021.3.11f1/Editor/Data/MonoBleedingEdge/lib/mono/unityjit-win32'
Mono config path = 'C:/Program Files/Unity 2021.3.11f1/Editor/Data/MonoBleedingEdge/etc'
Using monoOptions --debugger-agent=transport=dt_socket,embedding=1,server=y,suspend=n,address=127.0.0.1:56816
Begin MonoManager ReloadAssembly
Registering precompiled unity dll's ...
Register platform support module: C:/Program Files/Unity 2021.3.11f1/Editor/Data/PlaybackEngines/WebGLSupport/UnityEditor.WebGL.Extensions.dll
Register platform support module: C:/Program Files/Unity 2021.3.11f1/Editor/Data/PlaybackEngines/AndroidPlayer/UnityEditor.Android.Extensions.dll
Register platform support module: C:/Program Files/Unity 2021.3.11f1/Editor/Data/PlaybackEngines/WindowsStandaloneSupport/UnityEditor.WindowsStandalone.Extensions.dll
Register platform support module: C:/Program Files/Unity 2021.3.11f1/Editor/Data/PlaybackEngines/MetroSupport/UnityEditor.UWP.Extensions.dll
Registered in 0.005461 seconds.
Native extension for UWP target not found
Native extension for WindowsStandalone target not found
Native extension for Android target not found
Native extension for WebGL target not found
Refreshing native plugins compatible for Editor in 72.18 ms, found 3 plugins.
Preloading 0 native plugins for Editor in 0.00 ms.
Mono: successfully reloaded assembly
- Completed reload, in  0.570 seconds
Domain Reload Profiling:
	ReloadAssembly (570ms)
		BeginReloadAssembly (63ms)
			ExecutionOrderSort (0ms)
			DisableScriptedObjects (0ms)
			BackupInstance (0ms)
			ReleaseScriptingObjects (0ms)
			CreateAndSetChildDomain (1ms)
		EndReloadAssembly (411ms)
			LoadAssemblies (62ms)
			RebuildTransferFunctionScriptingTraits (0ms)
			SetupTypeCache (94ms)
			ReleaseScriptCaches (0ms)
			RebuildScriptCaches (25ms)
			SetupLoadedEditorAssemblies (248ms)
				LogAssemblyErrors (0ms)
				InitializePlatformSupportModulesInManaged (50ms)
				SetLoadedEditorAssemblies (0ms)
				RefreshPlugins (72ms)
				BeforeProcessingInitializeOnLoad (1ms)
				ProcessInitializeOnLoadAttributes (87ms)
				ProcessInitializeOnLoadMethodAttributes (37ms)
				AfterProcessingInitializeOnLoad (0ms)
				EditorAssembliesLoaded (0ms)
			ExecutionOrderSort2 (0ms)
			AwakeInstancesAfterBackupRestoration (0ms)
Platform modules already initialized, skipping
Registering precompiled user dll's ...
Registered in 0.004635 seconds.
Begin MonoManager ReloadAssembly
Symbol file LoadedFromMemory doesn't match image D:\Generation2\Generation2\Library\PackageCache\com.unity.visualscripting@1.7.8\Editor\VisualScripting.Core\Dependencies\YamlDotNet\Unity.VisualScripting.YamlDotNet.dll
Symbol file LoadedFromMemory doesn't match image D:\Generation2\Generation2\Library\PackageCache\com.unity.visualscripting@1.7.8\Editor\VisualScripting.Core\Dependencies\DotNetZip\Unity.VisualScripting.IonicZip.dll
Native extension for UWP target not found
Native extension for WindowsStandalone target not found
Native extension for Android target not found
Native extension for WebGL target not found
Refreshing native plugins compatible for Editor in 0.53 ms, found 3 plugins.
Preloading 0 native plugins for Editor in 0.00 ms.
Mono: successfully reloaded assembly
- Completed reload, in  1.040 seconds
Domain Reload Profiling:
	ReloadAssembly (1041ms)
		BeginReloadAssembly (201ms)
			ExecutionOrderSort (0ms)
			DisableScriptedObjects (5ms)
			BackupInstance (0ms)
			ReleaseScriptingObjects (0ms)
			CreateAndSetChildDomain (123ms)
		EndReloadAssembly (738ms)
			LoadAssemblies (71ms)
			RebuildTransferFunctionScriptingTraits (0ms)
			SetupTypeCache (245ms)
			ReleaseScriptCaches (1ms)
			RebuildScriptCaches (44ms)
			SetupLoadedEditorAssemblies (337ms)
				LogAssemblyErrors (0ms)
				InitializePlatformSupportModulesInManaged (14ms)
				SetLoadedEditorAssemblies (0ms)
				RefreshPlugins (1ms)
				BeforeProcessingInitializeOnLoad (78ms)
				ProcessInitializeOnLoadAttributes (213ms)
				ProcessInitializeOnLoadMethodAttributes (24ms)
				AfterProcessingInitializeOnLoad (7ms)
				EditorAssembliesLoaded (0ms)
			ExecutionOrderSort2 (0ms)
			AwakeInstancesAfterBackupRestoration (5ms)
Platform modules already initialized, skipping
========================================================================
Worker process is ready to serve import requests
Launched and connected shader compiler UnityShaderCompiler.exe after 0.03 seconds
Refreshing native plugins compatible for Editor in 0.52 ms, found 3 plugins.
Preloading 0 native plugins for Editor in 0.00 ms.
Unloading 3396 Unused Serialized files (Serialized files now loaded: 0)
Unloading 27 unused Assets / (113.5 KB). Loaded Objects now: 3856.
Memory consumption went from 118.7 MB to 118.6 MB.
Total: 2.631200 ms (FindLiveObjects: 0.261100 ms CreateObjectMapping: 0.206200 ms MarkObjects: 2.071300 ms  DeleteObjects: 0.091600 ms)

AssetImportParameters requested are different than current active one (requested -> active):
  custom:video-decoder-ogg-theora: a1e56fd34408186e4bbccfd4996cb3dc -> 
  custom:container-muxer-webm: aa71ff27fc2769a1b78a27578f13a17b -> 
  custom:container-demuxer-webm: 4f35f7cbe854078d1ac9338744f61a02 -> 
  custom:video-encoder-webm-vp8: eb34c28f22e8b96e1ab97ce403110664 -> 
  custom:audio-encoder-webm-vorbis: bf7c407c2cedff20999df2af8eb42d56 -> 
  custom:framework-win-MediaFoundation: 216162199b28c13a410421893ffa2e32 -> 
  custom:container-demuxer-ogg: 62fdf1f143b41e24485cea50d1cbac27 -> 
  custom:video-decoder-webm-vp8: 9c59270c3fd7afecdb556c50c9e8de78 -> 
  custom:audio-decoder-ogg-vorbis: bf7c407c2cedff20999df2af8eb42d56 -> 
========================================================================
Received Import Request.
  Time since last request: 2182.742774 seconds.
  path: Assets/Character/Idle4
  artifactKey: Guid(41736da6e5bdb6043995d8036ab21dcc) Importer(815301076,1909f56bfc062723c751e8b465ee728b)
Start importing Assets/Character/Idle4 using Guid(41736da6e5bdb6043995d8036ab21dcc) Importer(815301076,1909f56bfc062723c751e8b465ee728b)  -> (artifact id: '66ca7e6e3e56d392574ae1daefff0f02') in 0.009379 seconds 
========================================================================
Received Import Request.
  Time since last request: 5.218898 seconds.
  path: Assets/Character/Idle5
  artifactKey: Guid(28ea595beda1b704f845beb48cf5f9f5) Importer(815301076,1909f56bfc062723c751e8b465ee728b)
Start importing Assets/Character/Idle5 using Guid(28ea595beda1b704f845beb48cf5f9f5) Importer(815301076,1909f56bfc062723c751e8b465ee728b)  -> (artifact id: 'a29d1c430143d8688d84e7bf24fa3e86') in 0.004972 seconds 
========================================================================
Received Import Request.
  Time since last request: 6.945575 seconds.
  path: Assets/Character/Run4
  artifactKey: Guid(0445c50c0a2369c4a9da3ebe0d0d0489) Importer(815301076,1909f56bfc062723c751e8b465ee728b)
Start importing Assets/Character/Run4 using Guid(0445c50c0a2369c4a9da3ebe0d0d0489) Importer(815301076,1909f56bfc062723c751e8b465ee728b)  -> (artifact id: '31e4d0a7f1b2a5b537722840c83ead4a') in 0.005302 seconds 
========================================================================
Received Import Request.
  Time since last request: 7.029999 seconds.
  path: Assets/Character/Run5
  artifactKey: Guid(7f33bbc8c9f13e14d8f38623f8559c9f) Importer(815301076,1909f56bfc062723c751e8b465ee728b)
Start importing Assets/Character/Run5 using Guid(7f33bbc8c9f13e14d8f38623f8559c9f) Importer(815301076,1909f56bfc062723c751e8b465ee728b)  -> (artifact id: '21e8daad37ee074e2046b4857ab03a62') in 0.005823 seconds 
========================================================================
Received Import Request.
  Time since last request: 7.915905 seconds.
  path: Assets/Character/Swords4
  artifactKey: Guid(fa45d7eb5ed768c4c8396b6c172dce57) Importer(815301076,1909f56bfc062723c751e8b465ee728b)
Start importing Assets/Character/Swords4 using Guid(fa45d7eb5ed768c4c8396b6c172dce57) Importer(815301076,1909f56bfc062723c751e8b465ee728b)  -> (artifact id: 'e2aba2393a02efdfcee27c93216d57c7') in 0.005667 seconds 
========================================================================
Received Import Request.
  Time since last request: 12.742851 seconds.
  path: Assets/Character/Swords5
  artifactKey: Guid(a317368f9b0eaf24a87d883c4e38e0e7) Importer(815301076,1909f56bfc062723c751e8b465ee728b)
Start importing Assets/Character/Swords5 using Guid(a317368f9b0eaf24a87d883c4e38e0e7) Importer(815301076,1909f56bfc062723c751e8b465ee728b)  -> (artifact id: 'fe4abf50445b0c6633bbfdeb0ce55846') in 0.005493 seconds 
========================================================================
Received Import Request.
  Time since last request: 15.790337 seconds.
  path: Assets/Character/Idle4/0001.png
  artifactKey: Guid(b7a30c6db4041404aa34885b2be941a5) Importer(815301076,1909f56bfc062723c751e8b465ee728b)
Start importing Assets/Character/Idle4/0001.png using Guid(b7a30c6db4041404aa34885b2be941a5) Importer(815301076,1909f56bfc062723c751e8b465ee728b)  -> (artifact id: 'bc933d6b4a534fa734be6535735c5b4f') in 0.072116 seconds 
========================================================================
Received Import Request.
  Time since last request: 0.000019 seconds.
  path: Assets/Character/Idle4/0025.png
  artifactKey: Guid(818b98b84b040d548ad343ddff5dd04a) Importer(815301076,1909f56bfc062723c751e8b465ee728b)
Start importing Assets/Character/Idle4/0025.png using Guid(818b98b84b040d548ad343ddff5dd04a) Importer(815301076,1909f56bfc062723c751e8b465ee728b)  -> (artifact id: 'e1c589f310e5261ad2d3179ef54e1f91') in 0.012940 seconds 
========================================================================
Received Import Request.
  Time since last request: 0.000019 seconds.
  path: Assets/Character/Idle4/0013.png
  artifactKey: Guid(ba54c9b3b47e77043afb42fbf8de6fcd) Importer(815301076,1909f56bfc062723c751e8b465ee728b)
Start importing Assets/Character/Idle4/0013.png using Guid(ba54c9b3b47e77043afb42fbf8de6fcd) Importer(815301076,1909f56bfc062723c751e8b465ee728b)  -> (artifact id: '44287bb93d799b0f1050642e482c8f9b') in 0.012125 seconds 
========================================================================
Received Import Request.
  Time since last request: 0.000020 seconds.
  path: Assets/Character/Idle4/0021.png
  artifactKey: Guid(5528071dfb7e08749a85a591a04881e4) Importer(815301076,1909f56bfc062723c751e8b465ee728b)
Start importing Assets/Character/Idle4/0021.png using Guid(5528071dfb7e08749a85a591a04881e4) Importer(815301076,1909f56bfc062723c751e8b465ee728b)  -> (artifact id: '04431be3c4baa88444418adac5c574a8') in 0.012510 seconds 
========================================================================
Received Import Request.
  Time since last request: 14.851584 seconds.
  path: Assets/Character/Idle4/0001.png
  artifactKey: Guid(b7a30c6db4041404aa34885b2be941a5) Importer(815301076,1909f56bfc062723c751e8b465ee728b)
Start importing Assets/Character/Idle4/0001.png using Guid(b7a30c6db4041404aa34885b2be941a5) Importer(815301076,1909f56bfc062723c751e8b465ee728b)  -> (artifact id: '04a7659ff54cf51214a5bd1439f57d06') in 0.031595 seconds 
========================================================================
Received Import Request.
  Time since last request: 0.000018 seconds.
  path: Assets/Character/Idle4/0013.png
  artifactKey: Guid(ba54c9b3b47e77043afb42fbf8de6fcd) Importer(815301076,1909f56bfc062723c751e8b465ee728b)
Start importing Assets/Character/Idle4/0013.png using Guid(ba54c9b3b47e77043afb42fbf8de6fcd) Importer(815301076,1909f56bfc062723c751e8b465ee728b)  -> (artifact id: '436a4eb54819379a78165eba0f0a8e67') in 0.016462 seconds 
========================================================================
Received Import Request.
  Time since last request: 0.000019 seconds.
  path: Assets/Character/Idle4/0029.png
  artifactKey: Guid(86c69897afcb32d4283205a6ab27bf84) Importer(815301076,1909f56bfc062723c751e8b465ee728b)
Start importing Assets/Character/Idle4/0029.png using Guid(86c69897afcb32d4283205a6ab27bf84) Importer(815301076,1909f56bfc062723c751e8b465ee728b)  -> (artifact id: '6e5483ca4cfc20bbea11b6b4f8526b7a') in 0.092248 seconds 
========================================================================
Received Import Request.
  Time since last request: 13.981794 seconds.
  path: Assets/Character/Idle5/0005.png
  artifactKey: Guid(ad46fca4e4a563145a7553a31c9f3ca3) Importer(815301076,1909f56bfc062723c751e8b465ee728b)
Start importing Assets/Character/Idle5/0005.png using Guid(ad46fca4e4a563145a7553a31c9f3ca3) Importer(815301076,1909f56bfc062723c751e8b465ee728b)  -> (artifact id: 'b81ddc4ae3922c93dbaea6b1cf80c4ba') in 0.024534 seconds 
========================================================================
Received Import Request.
  Time since last request: 0.000021 seconds.
  path: Assets/Character/Idle5/0025.png
  artifactKey: Guid(d9d8af63f37ae1b48ae70165fde06733) Importer(815301076,1909f56bfc062723c751e8b465ee728b)
Start importing Assets/Character/Idle5/0025.png using Guid(d9d8af63f37ae1b48ae70165fde06733) Importer(815301076,1909f56bfc062723c751e8b465ee728b)  -> (artifact id: '73eb32064f396dafe63a7823d7b806fe') in 0.014651 seconds 
========================================================================
Received Import Request.
  Time since last request: 7.389930 seconds.
  path: Assets/Character/Idle5/0009.png
  artifactKey: Guid(317743ea932627043ab53a12d1d9546a) Importer(815301076,1909f56bfc062723c751e8b465ee728b)
Start importing Assets/Character/Idle5/0009.png using Guid(317743ea932627043ab53a12d1d9546a) Importer(815301076,1909f56bfc062723c751e8b465ee728b)  -> (artifact id: '22730be8f3306caca3091cd776bb0905') in 0.022245 seconds 
========================================================================
Received Import Request.
  Time since last request: 13.356625 seconds.
  path: Assets/Character/Run4/0004.png
  artifactKey: Guid(b9d465264248cf64384c5e8f0f3770fb) Importer(815301076,1909f56bfc062723c751e8b465ee728b)
Start importing Assets/Character/Run4/0004.png using Guid(b9d465264248cf64384c5e8f0f3770fb) Importer(815301076,1909f56bfc062723c751e8b465ee728b)  -> (artifact id: '43ae8cfe4d8a536c0b42e7a1a3abb071') in 0.017166 seconds 
========================================================================
Received Import Request.
  Time since last request: 0.000019 seconds.
  path: Assets/Character/Run4/0017.png
  artifactKey: Guid(70069667b27e2224db595df90d275dd4) Importer(815301076,1909f56bfc062723c751e8b465ee728b)
Start importing Assets/Character/Run4/0017.png using Guid(70069667b27e2224db595df90d275dd4) Importer(815301076,1909f56bfc062723c751e8b465ee728b)  -> (artifact id: 'd70537e9557a37cee74922d3119cd275') in 0.023430 seconds 
========================================================================
Received Import Request.
  Time since last request: 8.659518 seconds.
  path: Assets/Character/Run4/0008.png
  artifactKey: Guid(575904ea96b5a22498445b1b886b9936) Importer(815301076,1909f56bfc062723c751e8b465ee728b)
Start importing Assets/Character/Run4/0008.png using Guid(575904ea96b5a22498445b1b886b9936) Importer(815301076,1909f56bfc062723c751e8b465ee728b)  -> (artifact id: 'e692ec0387a253ee50f5655a314af201') in 0.021397 seconds 
========================================================================
Received Import Request.
  Time since last request: 0.000016 seconds.
  path: Assets/Character/Run4/0025.png
  artifactKey: Guid(95f1cd21928a23c499ecda494c4a9663) Importer(815301076,1909f56bfc062723c751e8b465ee728b)
Start importing Assets/Character/Run4/0025.png using Guid(95f1cd21928a23c499ecda494c4a9663) Importer(815301076,1909f56bfc062723c751e8b465ee728b)  -> (artifact id: 'a343e4f45a57ec3f6f7ae8ed1b71863f') in 0.019808 seconds 
========================================================================
Received Import Request.
  Time since last request: 23.696883 seconds.
  path: Assets/Character/Run5/0004.png
  artifactKey: Guid(ef62586a67c69f944bba4f827730edca) Importer(815301076,1909f56bfc062723c751e8b465ee728b)
Start importing Assets/Character/Run5/0004.png using Guid(ef62586a67c69f944bba4f827730edca) Importer(815301076,1909f56bfc062723c751e8b465ee728b)  -> (artifact id: '59dc7de79d4824675574d57c9a2bff52') in 0.014228 seconds 
========================================================================
Received Import Request.
  Time since last request: 0.000018 seconds.
  path: Assets/Character/Run5/0021.png
  artifactKey: Guid(9f9c41e904d16224f9c6f74a32c47bd1) Importer(815301076,1909f56bfc062723c751e8b465ee728b)
Start importing Assets/Character/Run5/0021.png using Guid(9f9c41e904d16224f9c6f74a32c47bd1) Importer(815301076,1909f56bfc062723c751e8b465ee728b)  -> (artifact id: 'e18fb806e457c827f239520b0c3add03') in 0.013836 seconds 
========================================================================
Received Import Request.
  Time since last request: 7.015255 seconds.
  path: Assets/Character/Run5/0008.png
  artifactKey: Guid(8e01ca0b7be9c90458a92d49e06cb661) Importer(815301076,1909f56bfc062723c751e8b465ee728b)
Start importing Assets/Character/Run5/0008.png using Guid(8e01ca0b7be9c90458a92d49e06cb661) Importer(815301076,1909f56bfc062723c751e8b465ee728b)  -> (artifact id: 'a4a5f6162a907fadda65fee637bad814') in 0.013934 seconds 
========================================================================
Received Import Request.
  Time since last request: 0.000018 seconds.
  path: Assets/Character/Run5/0025.png
  artifactKey: Guid(81425283818a3494bb2a0face02abeb4) Importer(815301076,1909f56bfc062723c751e8b465ee728b)
Start importing Assets/Character/Run5/0025.png using Guid(81425283818a3494bb2a0face02abeb4) Importer(815301076,1909f56bfc062723c751e8b465ee728b)  -> (artifact id: '3bd0da7073b203bc1f3f55954502333d') in 0.043849 seconds 
========================================================================
Received Import Request.
  Time since last request: 11.498310 seconds.
  path: Assets/Character/Swords4/0044.png
  artifactKey: Guid(cde0ff15e09aef84f877171213bbd089) Importer(815301076,1909f56bfc062723c751e8b465ee728b)
Start importing Assets/Character/Swords4/0044.png using Guid(cde0ff15e09aef84f877171213bbd089) Importer(815301076,1909f56bfc062723c751e8b465ee728b)  -> (artifact id: '2ee174bee70c16ca83295a92a1c1002c') in 0.016112 seconds 
========================================================================
Received Import Request.
  Time since last request: 0.000020 seconds.
  path: Assets/Character/Swords4/0080.png
  artifactKey: Guid(a7f23d6f16113254fbcd7339655c54b3) Importer(815301076,1909f56bfc062723c751e8b465ee728b)
Start importing Assets/Character/Swords4/0080.png using Guid(a7f23d6f16113254fbcd7339655c54b3) Importer(815301076,1909f56bfc062723c751e8b465ee728b)  -> (artifact id: '2349ee9e966d65fc9b5f85b338fe17bc') in 0.016605 seconds 
========================================================================
Received Import Request.
  Time since last request: 0.000024 seconds.
  path: Assets/Character/Swords4/0068.png
  artifactKey: Guid(8dd2842808f400249813276fd2ca8da4) Importer(815301076,1909f56bfc062723c751e8b465ee728b)
Start importing Assets/Character/Swords4/0068.png using Guid(8dd2842808f400249813276fd2ca8da4) Importer(815301076,1909f56bfc062723c751e8b465ee728b)  -> (artifact id: '43660d07cfc5c06771a138368268226b') in 0.015348 seconds 
========================================================================
Received Import Request.
  Time since last request: 7.048507 seconds.
  path: Assets/Character/Swords4/0044.png
  artifactKey: Guid(cde0ff15e09aef84f877171213bbd089) Importer(815301076,1909f56bfc062723c751e8b465ee728b)
Start importing Assets/Character/Swords4/0044.png using Guid(cde0ff15e09aef84f877171213bbd089) Importer(815301076,1909f56bfc062723c751e8b465ee728b)  -> (artifact id: '9d68a4f007c435835cda9e78ab24bcbd') in 0.153687 seconds 
========================================================================
Received Import Request.
  Time since last request: 13.240202 seconds.
  path: Assets/Character/Swords5/0044.png
  artifactKey: Guid(47ee7b84e01b5944e873de90995d2671) Importer(815301076,1909f56bfc062723c751e8b465ee728b)
Start importing Assets/Character/Swords5/0044.png using Guid(47ee7b84e01b5944e873de90995d2671) Importer(815301076,1909f56bfc062723c751e8b465ee728b)  -> (artifact id: '4d7d0c9814d0a04beb5f4bfc08183db7') in 0.031146 seconds 
========================================================================
Received Import Request.
  Time since last request: 0.000021 seconds.
  path: Assets/Character/Swords5/0056.png
  artifactKey: Guid(8a89943a11e9d40448f998173f90c1e1) Importer(815301076,1909f56bfc062723c751e8b465ee728b)
Start importing Assets/Character/Swords5/0056.png using Guid(8a89943a11e9d40448f998173f90c1e1) Importer(815301076,1909f56bfc062723c751e8b465ee728b)  -> (artifact id: '8a58baf749dd2d9c1c04cdee0bdbe483') in 0.023259 seconds 
========================================================================
Received Import Request.
  Time since last request: 6.800391 seconds.
  path: Assets/Character/Swords5/0044.png
  artifactKey: Guid(47ee7b84e01b5944e873de90995d2671) Importer(815301076,1909f56bfc062723c751e8b465ee728b)
Start importing Assets/Character/Swords5/0044.png using Guid(47ee7b84e01b5944e873de90995d2671) Importer(815301076,1909f56bfc062723c751e8b465ee728b)  -> (artifact id: 'a5321a80824e8df0072bddfcb1959aaa') in 0.044299 seconds 
========================================================================
Received Import Request.
  Time since last request: 0.000035 seconds.
  path: Assets/Character/Swords5/0056.png
  artifactKey: Guid(8a89943a11e9d40448f998173f90c1e1) Importer(815301076,1909f56bfc062723c751e8b465ee728b)
Start importing Assets/Character/Swords5/0056.png using Guid(8a89943a11e9d40448f998173f90c1e1) Importer(815301076,1909f56bfc062723c751e8b465ee728b)  -> (artifact id: '40c464f68ff07dcddd0b8d81ba5b36d8') in 0.045062 seconds 
Editor requested this worker to shutdown with reason: Scaling down because of idle timeout
AssetImportWorker is now disconnected from the server
Process exiting
Exiting without the bug reporter. Application will terminate with return code 0